Using pre-set license
Built from '2021.3/staging' branch; Version is '2021.3.0f1 (6eacc8284459) revision 7253192'; Using compiler version '192829333'; Build Type 'Release'
OS: 'Windows 10  (10.0.18363) 64bit Core' Language: 'ko' Physical Memory: 16224 MB
BatchMode: 1, IsHumanControllingUs: 0, StartBugReporterOnCrash: 0, Is64bit: 1, IsPro: 1

COMMAND LINE ARGUMENTS:
C:\Program Files\2021.3.0f1\Editor\Unity.exe
-adb2
-batchMode
-noUpm
-name
AssetImportWorker0
-projectPath
C:/Users/82109/2022TermProject_GameEngine/The laboratory of the dead
-logFile
Logs/AssetImportWorker0.log
-srvPort
49388
Successfully changed project path to: C:/Users/82109/2022TermProject_GameEngine/The laboratory of the dead
C:/Users/82109/2022TermProject_GameEngine/The laboratory of the dead
[UnityMemory] Configuration Parameters - Can be set up in boot.config
    "memorysetup-bucket-allocator-granularity=16"
    "memorysetup-bucket-allocator-bucket-count=8"
    "memorysetup-bucket-allocator-block-size=33554432"
    "memorysetup-bucket-allocator-block-count=8"
    "memorysetup-main-allocator-block-size=16777216"
    "memorysetup-thread-allocator-block-size=16777216"
    "memorysetup-gfx-main-allocator-block-size=16777216"
    "memorysetup-gfx-thread-allocator-block-size=16777216"
    "memorysetup-cache-allocator-block-size=4194304"
    "memorysetup-typetree-allocator-block-size=2097152"
    "memorysetup-profiler-bucket-allocator-granularity=16"
    "memorysetup-profiler-bucket-allocator-bucket-count=8"
    "memorysetup-profiler-bucket-allocator-block-size=33554432"
    "memorysetup-profiler-bucket-allocator-block-count=8"
    "memorysetup-profiler-allocator-block-size=16777216"
    "memorysetup-profiler-editor-allocator-block-size=1048576"
    "memorysetup-temp-allocator-size-main=16777216"
    "memorysetup-job-temp-allocator-block-size=2097152"
    "memorysetup-job-temp-allocator-block-size-background=1048576"
    "memorysetup-job-temp-allocator-reduction-small-platforms=262144"
    "memorysetup-temp-allocator-size-background-worker=32768"
    "memorysetup-temp-allocator-size-job-worker=262144"
    "memorysetup-temp-allocator-size-preload-manager=33554432"
    "memorysetup-temp-allocator-size-nav-mesh-worker=65536"
    "memorysetup-temp-allocator-size-audio-worker=65536"
    "memorysetup-temp-allocator-size-cloud-worker=32768"
    "memorysetup-temp-allocator-size-gi-baking-worker=262144"
    "memorysetup-temp-allocator-size-gfx=262144"
Refreshing native plugins compatible for Editor in 140.39 ms, found 3 plugins.
Preloading 0 native plugins for Editor in 0.00 ms.
Initialize engine version: 2021.3.0f1 (6eacc8284459)
[Subsystems] Discovering subsystems at path C:/Program Files/2021.3.0f1/Editor/Data/Resources/UnitySubsystems
[Subsystems] Discovering subsystems at path C:/Users/82109/2022TermProject_GameEngine/The laboratory of the dead/Assets
GfxDevice: creating device client; threaded=0; jobified=0
Direct3D:
    Version:  Direct3D 11.0 [level 11.1]
    Renderer: NVIDIA GeForce GTX 1660 Ti with Max-Q Design (ID=0x2191)
    Vendor:   NVIDIA
    VRAM:     5991 MB
    Driver:   30.0.15.1179
Initialize mono
Mono path[0] = 'C:/Program Files/2021.3.0f1/Editor/Data/Managed'
Mono path[1] = 'C:/Program Files/2021.3.0f1/Editor/Data/MonoBleedingEdge/lib/mono/unityjit-win32'
Mono config path = 'C:/Program Files/2021.3.0f1/Editor/Data/MonoBleedingEdge/etc'
Using monoOptions --debugger-agent=transport=dt_socket,embedding=1,server=y,suspend=n,address=127.0.0.1:56904
Begin MonoManager ReloadAssembly
Registering precompiled unity dll's ...
Register platform support module: C:/Program Files/2021.3.0f1/Editor/Data/PlaybackEngines/WindowsStandaloneSupport/UnityEditor.WindowsStandalone.Extensions.dll
Registered in 0.008294 seconds.
Native extension for WindowsStandalone target not found
Refreshing native plugins compatible for Editor in 112.18 ms, found 3 plugins.
Preloading 0 native plugins for Editor in 0.00 ms.
Mono: successfully reloaded assembly
- Completed reload, in  0.902 seconds
Domain Reload Profiling:
	ReloadAssembly (902ms)
		BeginReloadAssembly (138ms)
			ExecutionOrderSort (0ms)
			DisableScriptedObjects (0ms)
			BackupInstance (0ms)
			ReleaseScriptingObjects (0ms)
			CreateAndSetChildDomain (1ms)
		EndReloadAssembly (608ms)
			LoadAssemblies (134ms)
			RebuildTransferFunctionScriptingTraits (0ms)
			SetupTypeCache (109ms)
			ReleaseScriptCaches (0ms)
			RebuildScriptCaches (30ms)
			SetupLoadedEditorAssemblies (411ms)
				LogAssemblyErrors (0ms)
				InitializePlatformSupportModulesInManaged (8ms)
				SetLoadedEditorAssemblies (0ms)
				RefreshPlugins (112ms)
				BeforeProcessingInitializeOnLoad (2ms)
				ProcessInitializeOnLoadAttributes (227ms)
				ProcessInitializeOnLoadMethodAttributes (62ms)
				AfterProcessingInitializeOnLoad (0ms)
				EditorAssembliesLoaded (0ms)
			ExecutionOrderSort2 (0ms)
			AwakeInstancesAfterBackupRestoration (0ms)
Platform modules already initialized, skipping
Registering precompiled user dll's ...
Registered in 0.006939 seconds.
Begin MonoManager ReloadAssembly
Symbol file LoadedFromMemory doesn't match image C:\Users\82109\2022TermProject_GameEngine\The laboratory of the dead\Library\PackageCache\com.unity.visualscripting@1.7.6\Editor\VisualScripting.Core\Dependencies\YamlDotNet\Unity.VisualScripting.YamlDotNet.dll
Symbol file LoadedFromMemory is not a mono symbol file
Symbol file LoadedFromMemory doesn't match image C:\Users\82109\2022TermProject_GameEngine\The laboratory of the dead\Library\PackageCache\com.unity.visualscripting@1.7.6\Editor\VisualScripting.Core\Dependencies\DotNetZip\Unity.VisualScripting.IonicZip.dll
Native extension for WindowsStandalone target not found
Refreshing native plugins compatible for Editor in 0.80 ms, found 3 plugins.
Preloading 0 native plugins for Editor in 0.00 ms.
Mono: successfully reloaded assembly
- Completed reload, in  1.141 seconds
Domain Reload Profiling:
	ReloadAssembly (1142ms)
		BeginReloadAssembly (140ms)
			ExecutionOrderSort (0ms)
			DisableScriptedObjects (6ms)
			BackupInstance (0ms)
			ReleaseScriptingObjects (0ms)
			CreateAndSetChildDomain (21ms)
		EndReloadAssembly (865ms)
			LoadAssemblies (120ms)
			RebuildTransferFunctionScriptingTraits (0ms)
			SetupTypeCache (260ms)
			ReleaseScriptCaches (1ms)
			RebuildScriptCaches (52ms)
			SetupLoadedEditorAssemblies (405ms)
				LogAssemblyErrors (0ms)
				InitializePlatformSupportModulesInManaged (6ms)
				SetLoadedEditorAssemblies (1ms)
				RefreshPlugins (1ms)
				BeforeProcessingInitializeOnLoad (124ms)
				ProcessInitializeOnLoadAttributes (237ms)
				ProcessInitializeOnLoadMethodAttributes (26ms)
				AfterProcessingInitializeOnLoad (10ms)
				EditorAssembliesLoaded (0ms)
			ExecutionOrderSort2 (0ms)
			AwakeInstancesAfterBackupRestoration (15ms)
Platform modules already initialized, skipping
========================================================================
Worker process is ready to serve import requests
Launched and connected shader compiler UnityShaderCompiler.exe after 0.07 seconds
Refreshing native plugins compatible for Editor in 0.90 ms, found 3 plugins.
Preloading 0 native plugins for Editor in 0.00 ms.
Unloading 3228 Unused Serialized files (Serialized files now loaded: 0)
Unloading 23 unused Assets / (112.2 KB). Loaded Objects now: 3705.
Memory consumption went from 124.2 MB to 124.1 MB.
Total: 3.337100 ms (FindLiveObjects: 0.320700 ms CreateObjectMapping: 0.229200 ms MarkObjects: 2.651500 ms  DeleteObjects: 0.134500 ms)

AssetImportParameters requested are different than current active one (requested -> active):
  custom:video-decoder-ogg-theora: a1e56fd34408186e4bbccfd4996cb3dc -> 
  custom:container-muxer-webm: aa71ff27fc2769a1b78a27578f13a17b -> 
  custom:container-demuxer-webm: 4f35f7cbe854078d1ac9338744f61a02 -> 
  custom:video-encoder-webm-vp8: eb34c28f22e8b96e1ab97ce403110664 -> 
  custom:audio-encoder-webm-vorbis: bf7c407c2cedff20999df2af8eb42d56 -> 
  custom:framework-win-MediaFoundation: 216162199b28c13a410421893ffa2e32 -> 
  custom:container-demuxer-ogg: 62fdf1f143b41e24485cea50d1cbac27 -> 
  custom:video-decoder-webm-vp8: 9c59270c3fd7afecdb556c50c9e8de78 -> 
  custom:audio-decoder-ogg-vorbis: bf7c407c2cedff20999df2af8eb42d56 -> 
========================================================================
Received Prepare
Registering precompiled user dll's ...
Registered in 0.006078 seconds.
Begin MonoManager ReloadAssembly
Symbol file LoadedFromMemory doesn't match image C:\Users\82109\2022TermProject_GameEngine\The laboratory of the dead\Library\PackageCache\com.unity.visualscripting@1.7.6\Editor\VisualScripting.Core\Dependencies\YamlDotNet\Unity.VisualScripting.YamlDotNet.dll
Symbol file LoadedFromMemory is not a mono symbol file
Symbol file LoadedFromMemory doesn't match image C:\Users\82109\2022TermProject_GameEngine\The laboratory of the dead\Library\PackageCache\com.unity.visualscripting@1.7.6\Editor\VisualScripting.Core\Dependencies\DotNetZip\Unity.VisualScripting.IonicZip.dll
Native extension for WindowsStandalone target not found
Refreshing native plugins compatible for Editor in 0.98 ms, found 3 plugins.
Preloading 0 native plugins for Editor in 0.00 ms.
Mono: successfully reloaded assembly
- Completed reload, in  1.628 seconds
Domain Reload Profiling:
	ReloadAssembly (1629ms)
		BeginReloadAssembly (196ms)
			ExecutionOrderSort (0ms)
			DisableScriptedObjects (7ms)
			BackupInstance (0ms)
			ReleaseScriptingObjects (0ms)
			CreateAndSetChildDomain (45ms)
		EndReloadAssembly (1270ms)
			LoadAssemblies (157ms)
			RebuildTransferFunctionScriptingTraits (0ms)
			SetupTypeCache (444ms)
			ReleaseScriptCaches (2ms)
			RebuildScriptCaches (78ms)
			SetupLoadedEditorAssemblies (505ms)
				LogAssemblyErrors (0ms)
				InitializePlatformSupportModulesInManaged (20ms)
				SetLoadedEditorAssemblies (1ms)
				RefreshPlugins (1ms)
				BeforeProcessingInitializeOnLoad (119ms)
				ProcessInitializeOnLoadAttributes (316ms)
				ProcessInitializeOnLoadMethodAttributes (37ms)
				AfterProcessingInitializeOnLoad (11ms)
				EditorAssembliesLoaded (0ms)
			ExecutionOrderSort2 (0ms)
			AwakeInstancesAfterBackupRestoration (20ms)
Platform modules already initialized, skipping
Refreshing native plugins compatible for Editor in 3.60 ms, found 3 plugins.
Preloading 0 native plugins for Editor in 0.00 ms.
Unloading 3223 Unused Serialized files (Serialized files now loaded: 0)
Unloading 16 unused Assets / (79.3 KB). Loaded Objects now: 3708.
Memory consumption went from 124.2 MB to 124.1 MB.
Total: 5.883800 ms (FindLiveObjects: 0.305800 ms CreateObjectMapping: 0.208900 ms MarkObjects: 5.258400 ms  DeleteObjects: 0.109200 ms)

AssetImportParameters requested are different than current active one (requested -> active):
  custom:video-decoder-ogg-theora: a1e56fd34408186e4bbccfd4996cb3dc -> 
  custom:container-muxer-webm: aa71ff27fc2769a1b78a27578f13a17b -> 
  custom:container-demuxer-webm: 4f35f7cbe854078d1ac9338744f61a02 -> 
  custom:video-encoder-webm-vp8: eb34c28f22e8b96e1ab97ce403110664 -> 
  custom:audio-encoder-webm-vorbis: bf7c407c2cedff20999df2af8eb42d56 -> 
  custom:framework-win-MediaFoundation: 216162199b28c13a410421893ffa2e32 -> 
  custom:container-demuxer-ogg: 62fdf1f143b41e24485cea50d1cbac27 -> 
  custom:video-decoder-webm-vp8: 9c59270c3fd7afecdb556c50c9e8de78 -> 
  custom:audio-decoder-ogg-vorbis: bf7c407c2cedff20999df2af8eb42d56 -> 
========================================================================
Received Import Request.
  Time since last request: 1111794.355301 seconds.
  path: Assets/Soldier.prefab
  artifactKey: Guid(3bb20b01d04bd234a8f47db3fc2394f8) Importer(815301076,1909f56bfc062723c751e8b465ee728b)
Start importing Assets/Soldier.prefab using Guid(3bb20b01d04bd234a8f47db3fc2394f8) Importer(815301076,1909f56bfc062723c751e8b465ee728b)  -> (artifact id: '908687f775ddb9aa14a0ad85d44c440b') in 0.415514 seconds 
========================================================================
Received Import Request.
  Time since last request: 0.000033 seconds.
  path: Assets/New Terrain.asset
  artifactKey: Guid(eb83eb2a4e2ce0c45afa3c19abbd7914) Importer(815301076,1909f56bfc062723c751e8b465ee728b)
Start importing Assets/New Terrain.asset using Guid(eb83eb2a4e2ce0c45afa3c19abbd7914) Importer(815301076,1909f56bfc062723c751e8b465ee728b)  -> (artifact id: '0c0665780683e38ce9baee259d30e55c') in 0.019278 seconds 
========================================================================
Received Import Request.
  Time since last request: 0.000028 seconds.
  path: Assets/Blue.mat
  artifactKey: Guid(deeaf109804d48845b26e11db8878aed) Importer(815301076,1909f56bfc062723c751e8b465ee728b)
Start importing Assets/Blue.mat using Guid(deeaf109804d48845b26e11db8878aed) Importer(815301076,1909f56bfc062723c751e8b465ee728b)  -> (artifact id: '2cc63f5c72d60988b82864c60410ddca') in 0.394179 seconds 
========================================================================
Received Import Request.
  Time since last request: 40.920860 seconds.
  path: Assets/UI_PreFab/UI_BOMB.prefab
  artifactKey: Guid(4974411bfd270784c8e67f572625db83) Importer(815301076,1909f56bfc062723c751e8b465ee728b)
Start importing Assets/UI_PreFab/UI_BOMB.prefab using Guid(4974411bfd270784c8e67f572625db83) Importer(815301076,1909f56bfc062723c751e8b465ee728b)  -> (artifact id: 'a19a402e7db895e7b62dd44844196dd0') in 0.013240 seconds 
========================================================================
Received Import Request.
  Time since last request: 0.002897 seconds.
  path: Assets/UI_PreFab/UI_KEY.prefab
  artifactKey: Guid(d6f8302d3fd53dd4481f57ba7f9153ee) Importer(815301076,1909f56bfc062723c751e8b465ee728b)
Start importing Assets/UI_PreFab/UI_KEY.prefab using Guid(d6f8302d3fd53dd4481f57ba7f9153ee) Importer(815301076,1909f56bfc062723c751e8b465ee728b)  -> (artifact id: 'e256972e9b715334a694ca282eebf94f') in 0.012746 seconds 
========================================================================
Received Import Request.
  Time since last request: 0.000115 seconds.
  path: Assets/UI_PreFab/UI_Title_01.prefab
  artifactKey: Guid(a8101152626835f4c84f49591fc7a3a6) Importer(815301076,1909f56bfc062723c751e8b465ee728b)
Start importing Assets/UI_PreFab/UI_Title_01.prefab using Guid(a8101152626835f4c84f49591fc7a3a6) Importer(815301076,1909f56bfc062723c751e8b465ee728b)  -> (artifact id: '0bbfd1624685617a0484016e1b40d32e') in 0.012259 seconds 
========================================================================
Received Import Request.
  Time since last request: 0.000038 seconds.
  path: Assets/UI_PreFab/UI_CHICKEN.prefab
  artifactKey: Guid(ad46e037fe98fdc498cda2aae6088c83) Importer(815301076,1909f56bfc062723c751e8b465ee728b)
Start importing Assets/UI_PreFab/UI_CHICKEN.prefab using Guid(ad46e037fe98fdc498cda2aae6088c83) Importer(815301076,1909f56bfc062723c751e8b465ee728b)  -> (artifact id: 'dae4612a325bf7114d9dbd4619ae36c0') in 0.027261 seconds 
========================================================================
Received Import Request.
  Time since last request: 0.000030 seconds.
  path: Assets/UI_PreFab/UI_FIRE.prefab
  artifactKey: Guid(4770024d3e1ce684d81378a54c561e52) Importer(815301076,1909f56bfc062723c751e8b465ee728b)
Start importing Assets/UI_PreFab/UI_FIRE.prefab using Guid(4770024d3e1ce684d81378a54c561e52) Importer(815301076,1909f56bfc062723c751e8b465ee728b)  -> (artifact id: '218d3b42c583d305af78464960bb5001') in 0.013689 seconds 
========================================================================
Received Import Request.
  Time since last request: 0.000057 seconds.
  path: Assets/UI_PreFab/UI_Quit_Button.prefab
  artifactKey: Guid(f57bf9906a6f03e4cb9b1fbaf7db2142) Importer(815301076,1909f56bfc062723c751e8b465ee728b)
Start importing Assets/UI_PreFab/UI_Quit_Button.prefab using Guid(f57bf9906a6f03e4cb9b1fbaf7db2142) Importer(815301076,1909f56bfc062723c751e8b465ee728b)  -> (artifact id: '94ada2987da204ac5849c64d65921dd2') in 0.014962 seconds 
========================================================================
Received Import Request.
  Time since last request: 0.603600 seconds.
  path: Assets/UI/2829831.png
  artifactKey: Guid(a2fcf7226c9dd6c43a00d9c4bf3617cd) Importer(815301076,1909f56bfc062723c751e8b465ee728b)
Start importing Assets/UI/2829831.png using Guid(a2fcf7226c9dd6c43a00d9c4bf3617cd) Importer(815301076,1909f56bfc062723c751e8b465ee728b)  -> (artifact id: '4fb823b23d1e1e10eee2bdafbd41a44c') in 0.134991 seconds 
========================================================================
Received Import Request.
  Time since last request: 0.000025 seconds.
  path: Assets/UI/UI_Ice.png
  artifactKey: Guid(9c1743a28030b4d48964f5f360fe027d) Importer(815301076,1909f56bfc062723c751e8b465ee728b)
Start importing Assets/UI/UI_Ice.png using Guid(9c1743a28030b4d48964f5f360fe027d) Importer(815301076,1909f56bfc062723c751e8b465ee728b)  -> (artifact id: 'ba9aa1be7b093320c8c06d1c86b8331b') in 0.021857 seconds 
========================================================================
Received Import Request.
  Time since last request: 0.000041 seconds.
  path: Assets/UI/Title_1.png
  artifactKey: Guid(19567d3551181e349b4a4dd0238a9ab9) Importer(815301076,1909f56bfc062723c751e8b465ee728b)
Start importing Assets/UI/Title_1.png using Guid(19567d3551181e349b4a4dd0238a9ab9) Importer(815301076,1909f56bfc062723c751e8b465ee728b)  -> (artifact id: '092c8d97499b1090ba55e0b3704ef639') in 0.028103 seconds 
========================================================================
Received Import Request.
  Time since last request: 0.000023 seconds.
  path: Assets/UI/card_key.png
  artifactKey: Guid(2f4f6e6df7668a3478fd12adc55784c1) Importer(815301076,1909f56bfc062723c751e8b465ee728b)
Start importing Assets/UI/card_key.png using Guid(2f4f6e6df7668a3478fd12adc55784c1) Importer(815301076,1909f56bfc062723c751e8b465ee728b)  -> (artifact id: 'a585433f631b0db960cdc76824ef3096') in 0.025247 seconds 
========================================================================
Received Import Request.
  Time since last request: 0.000018 seconds.
  path: Assets/UI/quit.png
  artifactKey: Guid(fe86f7babf6074e45bf2a461ce61738f) Importer(815301076,1909f56bfc062723c751e8b465ee728b)
Start importing Assets/UI/quit.png using Guid(fe86f7babf6074e45bf2a461ce61738f) Importer(815301076,1909f56bfc062723c751e8b465ee728b)  -> (artifact id: '5b16083c39dac35d1aa8f1907ab3a0e5') in 0.025873 seconds 
========================================================================
Received Import Request.
  Time since last request: 0.000024 seconds.
  path: Assets/UI/Title_2.png
  artifactKey: Guid(9f19d0d5542724445af8c20f5c97d83e) Importer(815301076,1909f56bfc062723c751e8b465ee728b)
Start importing Assets/UI/Title_2.png using Guid(9f19d0d5542724445af8c20f5c97d83e) Importer(815301076,1909f56bfc062723c751e8b465ee728b)  -> (artifact id: '128917040a358794d7a386e2d01d6695') in 0.024850 seconds 
========================================================================
Received Import Request.
  Time since last request: 0.000021 seconds.
  path: Assets/UI/strat.png
  artifactKey: Guid(273fae02d38f95f4d8547a10753d4a35) Importer(815301076,1909f56bfc062723c751e8b465ee728b)
Start importing Assets/UI/strat.png using Guid(273fae02d38f95f4d8547a10753d4a35) Importer(815301076,1909f56bfc062723c751e8b465ee728b)  -> (artifact id: 'b466139630dd379e4671fbfce7534afe') in 0.024539 seconds 
Editor requested this worker to shutdown with reason: Scaling down because of idle timeout
AssetImportWorker is now disconnected from the server
Process exiting
Exiting without the bug reporter. Application will terminate with return code 0