Using pre-set license
Built from '2021.3/staging' branch; Version is '2021.3.0f1 (6eacc8284459) revision 7253192'; Using compiler version '192829333'; Build Type 'Release'
OS: 'Windows 10  (10.0.18363) 64bit Core' Language: 'ko' Physical Memory: 16224 MB
BatchMode: 1, IsHumanControllingUs: 0, StartBugReporterOnCrash: 0, Is64bit: 1, IsPro: 1

COMMAND LINE ARGUMENTS:
C:\Program Files\2021.3.0f1\Editor\Unity.exe
-adb2
-batchMode
-noUpm
-name
AssetImportWorker4
-projectPath
C:/Users/82109/2022TermProject_GameEngine/The laboratory of the dead
-logFile
Logs/AssetImportWorker4.log
-srvPort
52886
Successfully changed project path to: C:/Users/82109/2022TermProject_GameEngine/The laboratory of the dead
C:/Users/82109/2022TermProject_GameEngine/The laboratory of the dead
[UnityMemory] Configuration Parameters - Can be set up in boot.config
    "memorysetup-bucket-allocator-granularity=16"
    "memorysetup-bucket-allocator-bucket-count=8"
    "memorysetup-bucket-allocator-block-size=33554432"
    "memorysetup-bucket-allocator-block-count=8"
    "memorysetup-main-allocator-block-size=16777216"
    "memorysetup-thread-allocator-block-size=16777216"
    "memorysetup-gfx-main-allocator-block-size=16777216"
    "memorysetup-gfx-thread-allocator-block-size=16777216"
    "memorysetup-cache-allocator-block-size=4194304"
    "memorysetup-typetree-allocator-block-size=2097152"
    "memorysetup-profiler-bucket-allocator-granularity=16"
    "memorysetup-profiler-bucket-allocator-bucket-count=8"
    "memorysetup-profiler-bucket-allocator-block-size=33554432"
    "memorysetup-profiler-bucket-allocator-block-count=8"
    "memorysetup-profiler-allocator-block-size=16777216"
    "memorysetup-profiler-editor-allocator-block-size=1048576"
    "memorysetup-temp-allocator-size-main=16777216"
    "memorysetup-job-temp-allocator-block-size=2097152"
    "memorysetup-job-temp-allocator-block-size-background=1048576"
    "memorysetup-job-temp-allocator-reduction-small-platforms=262144"
    "memorysetup-temp-allocator-size-background-worker=32768"
    "memorysetup-temp-allocator-size-job-worker=262144"
    "memorysetup-temp-allocator-size-preload-manager=33554432"
    "memorysetup-temp-allocator-size-nav-mesh-worker=65536"
    "memorysetup-temp-allocator-size-audio-worker=65536"
    "memorysetup-temp-allocator-size-cloud-worker=32768"
    "memorysetup-temp-allocator-size-gi-baking-worker=262144"
    "memorysetup-temp-allocator-size-gfx=262144"
Refreshing native plugins compatible for Editor in 100.74 ms, found 3 plugins.
Preloading 0 native plugins for Editor in 0.00 ms.
Initialize engine version: 2021.3.0f1 (6eacc8284459)
[Subsystems] Discovering subsystems at path C:/Program Files/2021.3.0f1/Editor/Data/Resources/UnitySubsystems
[Subsystems] Discovering subsystems at path C:/Users/82109/2022TermProject_GameEngine/The laboratory of the dead/Assets
GfxDevice: creating device client; threaded=0; jobified=0
Direct3D:
    Version:  Direct3D 11.0 [level 11.1]
    Renderer: NVIDIA GeForce GTX 1660 Ti with Max-Q Design (ID=0x2191)
    Vendor:   NVIDIA
    VRAM:     5991 MB
    Driver:   30.0.15.1179
Initialize mono
Mono path[0] = 'C:/Program Files/2021.3.0f1/Editor/Data/Managed'
Mono path[1] = 'C:/Program Files/2021.3.0f1/Editor/Data/MonoBleedingEdge/lib/mono/unityjit-win32'
Mono config path = 'C:/Program Files/2021.3.0f1/Editor/Data/MonoBleedingEdge/etc'
Using monoOptions --debugger-agent=transport=dt_socket,embedding=1,server=y,suspend=n,address=127.0.0.1:56096
Begin MonoManager ReloadAssembly
Registering precompiled unity dll's ...
Register platform support module: C:/Program Files/2021.3.0f1/Editor/Data/PlaybackEngines/WindowsStandaloneSupport/UnityEditor.WindowsStandalone.Extensions.dll
Registered in 0.007316 seconds.
Native extension for WindowsStandalone target not found
Refreshing native plugins compatible for Editor in 86.34 ms, found 3 plugins.
Preloading 0 native plugins for Editor in 0.00 ms.
Mono: successfully reloaded assembly
- Completed reload, in  0.714 seconds
Domain Reload Profiling:
	ReloadAssembly (715ms)
		BeginReloadAssembly (100ms)
			ExecutionOrderSort (0ms)
			DisableScriptedObjects (0ms)
			BackupInstance (0ms)
			ReleaseScriptingObjects (0ms)
			CreateAndSetChildDomain (1ms)
		EndReloadAssembly (489ms)
			LoadAssemblies (96ms)
			RebuildTransferFunctionScriptingTraits (0ms)
			SetupTypeCache (124ms)
			ReleaseScriptCaches (0ms)
			RebuildScriptCaches (29ms)
			SetupLoadedEditorAssemblies (282ms)
				LogAssemblyErrors (0ms)
				InitializePlatformSupportModulesInManaged (7ms)
				SetLoadedEditorAssemblies (0ms)
				RefreshPlugins (86ms)
				BeforeProcessingInitializeOnLoad (1ms)
				ProcessInitializeOnLoadAttributes (120ms)
				ProcessInitializeOnLoadMethodAttributes (67ms)
				AfterProcessingInitializeOnLoad (0ms)
				EditorAssembliesLoaded (0ms)
			ExecutionOrderSort2 (0ms)
			AwakeInstancesAfterBackupRestoration (0ms)
Platform modules already initialized, skipping
Registering precompiled user dll's ...
Registered in 0.009188 seconds.
Begin MonoManager ReloadAssembly
Symbol file LoadedFromMemory doesn't match image C:\Users\82109\2022TermProject_GameEngine\The laboratory of the dead\Library\PackageCache\com.unity.visualscripting@1.7.6\Editor\VisualScripting.Core\Dependencies\YamlDotNet\Unity.VisualScripting.YamlDotNet.dll
Symbol file LoadedFromMemory is not a mono symbol file
Symbol file LoadedFromMemory doesn't match image C:\Users\82109\2022TermProject_GameEngine\The laboratory of the dead\Library\PackageCache\com.unity.visualscripting@1.7.6\Editor\VisualScripting.Core\Dependencies\DotNetZip\Unity.VisualScripting.IonicZip.dll
Native extension for WindowsStandalone target not found
Refreshing native plugins compatible for Editor in 0.49 ms, found 3 plugins.
Preloading 0 native plugins for Editor in 0.00 ms.
Mono: successfully reloaded assembly
- Completed reload, in  1.069 seconds
Domain Reload Profiling:
	ReloadAssembly (1070ms)
		BeginReloadAssembly (138ms)
			ExecutionOrderSort (0ms)
			DisableScriptedObjects (7ms)
			BackupInstance (0ms)
			ReleaseScriptingObjects (0ms)
			CreateAndSetChildDomain (19ms)
		EndReloadAssembly (803ms)
			LoadAssemblies (121ms)
			RebuildTransferFunctionScriptingTraits (0ms)
			SetupTypeCache (250ms)
			ReleaseScriptCaches (1ms)
			RebuildScriptCaches (50ms)
			SetupLoadedEditorAssemblies (356ms)
				LogAssemblyErrors (0ms)
				InitializePlatformSupportModulesInManaged (6ms)
				SetLoadedEditorAssemblies (0ms)
				RefreshPlugins (1ms)
				BeforeProcessingInitializeOnLoad (96ms)
				ProcessInitializeOnLoadAttributes (220ms)
				ProcessInitializeOnLoadMethodAttributes (23ms)
				AfterProcessingInitializeOnLoad (10ms)
				EditorAssembliesLoaded (0ms)
			ExecutionOrderSort2 (0ms)
			AwakeInstancesAfterBackupRestoration (13ms)
Platform modules already initialized, skipping
========================================================================
Worker process is ready to serve import requests
Launched and connected shader compiler UnityShaderCompiler.exe after 0.06 seconds
Refreshing native plugins compatible for Editor in 0.49 ms, found 3 plugins.
Preloading 0 native plugins for Editor in 0.00 ms.
Unloading 3230 Unused Serialized files (Serialized files now loaded: 0)
Unloading 23 unused Assets / (112.7 KB). Loaded Objects now: 3708.
Memory consumption went from 124.6 MB to 124.5 MB.
Total: 3.371300 ms (FindLiveObjects: 0.256600 ms CreateObjectMapping: 0.199300 ms MarkObjects: 2.791200 ms  DeleteObjects: 0.123200 ms)

AssetImportParameters requested are different than current active one (requested -> active):
  custom:video-decoder-ogg-theora: a1e56fd34408186e4bbccfd4996cb3dc -> 
  custom:container-muxer-webm: aa71ff27fc2769a1b78a27578f13a17b -> 
  custom:container-demuxer-webm: 4f35f7cbe854078d1ac9338744f61a02 -> 
  custom:video-encoder-webm-vp8: eb34c28f22e8b96e1ab97ce403110664 -> 
  custom:audio-encoder-webm-vorbis: bf7c407c2cedff20999df2af8eb42d56 -> 
  custom:framework-win-MediaFoundation: 216162199b28c13a410421893ffa2e32 -> 
  custom:container-demuxer-ogg: 62fdf1f143b41e24485cea50d1cbac27 -> 
  custom:video-decoder-webm-vp8: 9c59270c3fd7afecdb556c50c9e8de78 -> 
  custom:audio-decoder-ogg-vorbis: bf7c407c2cedff20999df2af8eb42d56 -> 
========================================================================
Received Import Request.
  Time since last request: 1113725.953501 seconds.
  path: Assets/Map_Source/KLURA Design Assets/Sci Fi Assets Style 1 Sample pack/Samples materals
  artifactKey: Guid(144617ea6d0f71e42b8cb45df4d9dba1) Importer(815301076,1909f56bfc062723c751e8b465ee728b)
Start importing Assets/Map_Source/KLURA Design Assets/Sci Fi Assets Style 1 Sample pack/Samples materals using Guid(144617ea6d0f71e42b8cb45df4d9dba1) Importer(815301076,1909f56bfc062723c751e8b465ee728b)  -> (artifact id: '404137563e5d24d55e68ae2519377406') in 0.012006 seconds 
========================================================================
Received Import Request.
  Time since last request: 0.033755 seconds.
  path: Assets/Map_Source/KLURA Design Assets/Sci Fi Assets Style 1 Sample pack/Samples materals/box 35x140x70.mat
  artifactKey: Guid(8e6e419bdf6d1584aaa67e1ec62ab26c) Importer(815301076,1909f56bfc062723c751e8b465ee728b)
Start importing Assets/Map_Source/KLURA Design Assets/Sci Fi Assets Style 1 Sample pack/Samples materals/box 35x140x70.mat using Guid(8e6e419bdf6d1584aaa67e1ec62ab26c) Importer(815301076,1909f56bfc062723c751e8b465ee728b)  -> (artifact id: '6bc7617dee074a7aa477bb62d71964d1') in 0.222900 seconds 
========================================================================
Received Import Request.
  Time since last request: 1.929835 seconds.
  path: Assets/Map_Source/KLURA Design Assets/Sci Fi Assets Style 1 Sample pack/Sample prefabs/floor_version_1_1.prefab
  artifactKey: Guid(eaa53a2a9b810e74e8fb39ad045f0b1a) Importer(815301076,1909f56bfc062723c751e8b465ee728b)
Start importing Assets/Map_Source/KLURA Design Assets/Sci Fi Assets Style 1 Sample pack/Sample prefabs/floor_version_1_1.prefab using Guid(eaa53a2a9b810e74e8fb39ad045f0b1a) Importer(815301076,1909f56bfc062723c751e8b465ee728b)  -> (artifact id: 'd5c2c0c0c060f21b75874e6c23ead644') in 0.053345 seconds 
========================================================================
Received Import Request.
  Time since last request: 0.000046 seconds.
  path: Assets/Map_Source/KLURA Design Assets/Sci Fi Assets Style 1 Sample pack/Sample prefabs/style_1_walls_2.prefab
  artifactKey: Guid(ee65bc5a8a1b3454581a339cf9236890) Importer(815301076,1909f56bfc062723c751e8b465ee728b)
Start importing Assets/Map_Source/KLURA Design Assets/Sci Fi Assets Style 1 Sample pack/Sample prefabs/style_1_walls_2.prefab using Guid(ee65bc5a8a1b3454581a339cf9236890) Importer(815301076,1909f56bfc062723c751e8b465ee728b)  -> (artifact id: 'e0e11887b26e191c85dd44dd04c47d21') in 0.065127 seconds 
========================================================================
Received Import Request.
  Time since last request: 0.584425 seconds.
  path: Assets/Map_Source/KLURA Design Assets/Sci Fi Assets Style 1 Sample pack/Sample meshes/floor sample.fbx
  artifactKey: Guid(ffa1a14c972198240a65cdd0698822be) Importer(815301076,1909f56bfc062723c751e8b465ee728b)
Start importing Assets/Map_Source/KLURA Design Assets/Sci Fi Assets Style 1 Sample pack/Sample meshes/floor sample.fbx using Guid(ffa1a14c972198240a65cdd0698822be) Importer(815301076,1909f56bfc062723c751e8b465ee728b)  -> (artifact id: '6c49c803982bf47ca385fe8479a63b4a') in 0.117231 seconds 
========================================================================
Received Import Request.
  Time since last request: 0.000019 seconds.
  path: Assets/Map_Source/KLURA Design Assets/Sci Fi Assets Style 1 Sample pack/Sample meshes/Style 1 walls samples.fbx
  artifactKey: Guid(a6301ae2997d0d64dbee0eee654efe0b) Importer(815301076,1909f56bfc062723c751e8b465ee728b)
Start importing Assets/Map_Source/KLURA Design Assets/Sci Fi Assets Style 1 Sample pack/Sample meshes/Style 1 walls samples.fbx using Guid(a6301ae2997d0d64dbee0eee654efe0b) Importer(815301076,1909f56bfc062723c751e8b465ee728b)  -> (artifact id: '6fc7a6039158e78523ae7d0ca6e0e438') in 0.084802 seconds 
========================================================================
Received Import Request.
  Time since last request: 2.419452 seconds.
  path: Assets/Map_Source/KLURA Design Assets/Sci Fi Assets Style 1 Sample pack/Sample meshes
  artifactKey: Guid(7e4904f7ced4f28479967a8373dda048) Importer(815301076,1909f56bfc062723c751e8b465ee728b)
Start importing Assets/Map_Source/KLURA Design Assets/Sci Fi Assets Style 1 Sample pack/Sample meshes using Guid(7e4904f7ced4f28479967a8373dda048) Importer(815301076,1909f56bfc062723c751e8b465ee728b)  -> (artifact id: '4f5a97c438d548d53a6e63187fdb8f35') in 0.006378 seconds 
========================================================================
Received Import Request.
  Time since last request: 15.720135 seconds.
  path: Assets/Map_Source/KLURA Design Assets/Sci Fi Assets Style 1 Sample pack/Sample prefabs
  artifactKey: Guid(8eef85afd5e952549b96c1241fff3c9e) Importer(815301076,1909f56bfc062723c751e8b465ee728b)
Start importing Assets/Map_Source/KLURA Design Assets/Sci Fi Assets Style 1 Sample pack/Sample prefabs using Guid(8eef85afd5e952549b96c1241fff3c9e) Importer(815301076,1909f56bfc062723c751e8b465ee728b)  -> (artifact id: '8c60eb95809fb31896fd3cba9d9af5a4') in 0.005925 seconds 
